\BOOKMARK [1][-]{section.1}{Overview}{}% 1
\BOOKMARK [1][-]{section.2}{Service Functions}{}% 2
\BOOKMARK [2][-]{section*.2}{function Echo}{section.2}% 3
\BOOKMARK [2][-]{lstnumber.1.3}{function Orchestration}{section.2}% 4
\BOOKMARK [2][-]{lstnumber.3.46}{function Start store Orchestration by ID}{section.2}% 5
\BOOKMARK [1][-]{section.3}{Information Model}{}% 6
\BOOKMARK [2][-]{section*.6}{struct InterfaceObject}{section.3}% 7
\BOOKMARK [2][-]{table.caption.8}{struct Metadata}{section.3}% 8
\BOOKMARK [2][-]{section*.9}{struct OrchestrationResponse}{section.3}% 9
\BOOKMARK [2][-]{table.caption.11}{struct Provider}{section.3}% 10
\BOOKMARK [2][-]{table.caption.13}{struct Service}{section.3}% 11
\BOOKMARK [2][-]{table.caption.15}{struct ServiceRequestForm}{section.3}% 12
\BOOKMARK [2][-]{table.caption.17}{struct PreferredProvider}{section.3}% 13
\BOOKMARK [2][-]{table.caption.19}{struct ProviderCloud}{section.3}% 14
\BOOKMARK [2][-]{table.caption.21}{struct ProviderSystem}{section.3}% 15
\BOOKMARK [2][-]{table.caption.23}{struct RequesterSystem}{section.3}% 16
\BOOKMARK [2][-]{table.caption.25}{struct RequestedService}{section.3}% 17
\BOOKMARK [2][-]{table.caption.27}{struct Warnings}{section.3}% 18
\BOOKMARK [2][-]{subsection.3.13}{Primitives}{section.3}% 19
\BOOKMARK [1][-]{section.4}{References}{}% 20
\BOOKMARK [1][-]{section.5}{Revision History}{}% 21
\BOOKMARK [2][-]{subsection.5.1}{Amendments}{section.5}% 22
\BOOKMARK [2][-]{subsection.5.2}{Quality Assurance}{section.5}% 23
